<?xml version="1.0" encoding="UTF-8"?>
<testsuite name="CoffeeMachineTest" tests="1" skipped="0" failures="0" errors="0" timestamp="2020-06-18T02:02:17" hostname="Ales-MCBKP.local" time="0.254">
  <properties/>
  <testcase name="start" classname="CoffeeMachineTest" time="0.254"/>
  <system-out><![CDATA[?[1;31m
Start test 1?[0m
> remaining
The coffee machine has:
440 of water
540 of milk
120 of coffee beans
9 of disposable cups
550 of money
> buy
What do you want to buy?
1 - espresso
2 - latte
3 - cappuccino
back - to main menu:
> 2
I have enough resources, making you a coffee!
> buy
What do you want to buy?
1 - espresso
2 - latte
3 - cappuccino
back - to main menu:
> 2
Sorry, not enough water!
Not enough resources to make latte
> fill
Write how many ml of water do you want to add: 
> 1000
Write how many ml of milk do you want to add: 
> 0
Write how many grams of coffee beans do you want to add: 
> 0
Write how many disposable cups of coffee do you want to add: 
> 0
> buy
What do you want to buy?
1 - espresso
2 - latte
3 - cappuccino
back - to main menu:
> 2
I have enough resources, making you a coffee!
> take
I gave you 564
> remaining
The coffee machine has:
740 of water
390 of milk
80 of coffee beans
7 of disposable cups
0 of money
> exit
?[1;31m
Start test 2?[0m
> remaining
The coffee machine has:
440 of water
540 of milk
120 of coffee beans
9 of disposable cups
550 of money
> fill
Write how many ml of water do you want to add: 
> 3000
Write how many ml of milk do you want to add: 
> 3000
Write how many grams of coffee beans do you want to add: 
> 3000
Write how many disposable cups of coffee do you want to add: 
> 3000
> remaining
The coffee machine has:
3440 of water
3540 of milk
3120 of coffee beans
3009 of disposable cups
550 of money
> exit
?[1;31m
Start test 3?[0m
> remaining
The coffee machine has:
440 of water
540 of milk
120 of coffee beans
9 of disposable cups
550 of money
> buy
What do you want to buy?
1 - espresso
2 - latte
3 - cappuccino
back - to main menu:
> 1
I have enough resources, making you a coffee!
> remaining
The coffee machine has:
190 of water
540 of milk
104 of coffee beans
8 of disposable cups
554 of money
> exit
?[1;31m
Start test 4?[0m
> remaining
The coffee machine has:
440 of water
540 of milk
120 of coffee beans
9 of disposable cups
550 of money
> buy
What do you want to buy?
1 - espresso
2 - latte
3 - cappuccino
back - to main menu:
> 2
I have enough resources, making you a coffee!
> remaining
The coffee machine has:
90 of water
465 of milk
100 of coffee beans
8 of disposable cups
557 of money
> exit
?[1;31m
Start test 5?[0m
> remaining
The coffee machine has:
440 of water
540 of milk
120 of coffee beans
9 of disposable cups
550 of money
> buy
What do you want to buy?
1 - espresso
2 - latte
3 - cappuccino
back - to main menu:
> 3
I have enough resources, making you a coffee!
> remaining
The coffee machine has:
240 of water
440 of milk
108 of coffee beans
8 of disposable cups
556 of money
> exit
?[1;31m
Start test 6?[0m
> remaining
The coffee machine has:
440 of water
540 of milk
120 of coffee beans
9 of disposable cups
550 of money
> take
I gave you 550
> remaining
The coffee machine has:
440 of water
540 of milk
120 of coffee beans
9 of disposable cups
0 of money
> exit
?[1;31m
Start test 7?[0m
> remaining
The coffee machine has:
440 of water
540 of milk
120 of coffee beans
9 of disposable cups
550 of money
> buy
What do you want to buy?
1 - espresso
2 - latte
3 - cappuccino
back - to main menu:
> back
> remaining
The coffee machine has:
440 of water
540 of milk
120 of coffee beans
9 of disposable cups
550 of money
> exit
]]></system-out>
  <system-err><![CDATA[]]></system-err>
</testsuite>
